#
# There is insufficient memory for the Java Runtime Environment to continue.
# Native memory allocation (malloc) failed to allocate 461616 bytes for Chunk::new
# Possible reasons:
#   The system is out of physical RAM or swap space
#   In 32 bit mode, the process size limit was hit
# Possible solutions:
#   Reduce memory load on the system
#   Increase physical memory or swap space
#   Check if swap backing store is full
#   Use 64 bit Java on a 64 bit OS
#   Decrease Java heap size (-Xmx/-Xms)
#   Decrease number of Java threads
#   Decrease Java thread stack sizes (-Xss)
#   Set larger code cache with -XX:ReservedCodeCacheSize=
# This output file may be truncated or incomplete.
#
#  Out of Memory Error (allocation.cpp:390), pid=5572, tid=0x0000000000001c50
#
# JRE version: Java(TM) SE Runtime Environment (8.0_161-b12) (build 1.8.0_161-b12)
# Java VM: Java HotSpot(TM) 64-Bit Server VM (25.161-b12 mixed mode windows-amd64 compressed oops)
# Failed to write core dump. Minidumps are not enabled by default on client versions of Windows
#

---------------  T H R E A D  ---------------

Current thread (0x0000000018a52000):  JavaThread "C2 CompilerThread1" daemon [_thread_in_native, id=7248, stack(0x0000000018e50000,0x0000000018f50000)]

Stack: [0x0000000018e50000,0x0000000018f50000]
[error occurred during error reporting (printing stack bounds), id 0xc0000005]

Native frames: (J=compiled Java code, j=interpreted, Vv=VM code, C=native code)


Current CompileTask:
C2:  43012 1033   !   4       sun.awt.PostEventQueue::flush (168 bytes)


---------------  P R O C E S S  ---------------

Java Threads: ( => current thread )
  0x000000001954d800 JavaThread "TimerQueue" daemon [_thread_blocked, id=472, stack(0x000000001a9c0000,0x000000001aac0000)]
  0x0000000004c32800 JavaThread "DestroyJavaVM" [_thread_blocked, id=8672, stack(0x0000000004a50000,0x0000000004b50000)]
  0x00000000193d8000 JavaThread "AWT-EventQueue-0" [_thread_in_Java, id=10416, stack(0x0000000019f70000,0x000000001a070000)]
  0x00000000193d7000 JavaThread "AWT-Windows" daemon [_thread_in_native, id=7128, stack(0x0000000019d90000,0x0000000019e90000)]
  0x00000000193d6000 JavaThread "AWT-Shutdown" [_thread_blocked, id=200, stack(0x0000000019c90000,0x0000000019d90000)]
  0x00000000193d3800 JavaThread "Java2D Disposer" daemon [_thread_blocked, id=10920, stack(0x0000000019b90000,0x0000000019c90000)]
  0x0000000018a58000 JavaThread "Service Thread" daemon [_thread_blocked, id=4268, stack(0x0000000019050000,0x0000000019150000)]
  0x0000000018a54800 JavaThread "C1 CompilerThread2" daemon [_thread_blocked, id=7292, stack(0x0000000018f50000,0x0000000019050000)]
=>0x0000000018a52000 JavaThread "C2 CompilerThread1" daemon [_thread_in_native, id=7248, stack(0x0000000018e50000,0x0000000018f50000)]
  0x0000000017302800 JavaThread "C2 CompilerThread0" daemon [_thread_blocked, id=5444, stack(0x0000000018950000,0x0000000018a50000)]
  0x0000000017301800 JavaThread "Attach Listener" daemon [_thread_blocked, id=2876, stack(0x0000000018850000,0x0000000018950000)]
  0x00000000172ff800 JavaThread "Signal Dispatcher" daemon [_thread_blocked, id=4136, stack(0x0000000018750000,0x0000000018850000)]
  0x0000000004d2d800 JavaThread "Finalizer" daemon [_thread_blocked, id=5308, stack(0x0000000018550000,0x0000000018650000)]
  0x0000000004d24800 JavaThread "Reference Handler" daemon [_thread_blocked, id=10172, stack(0x0000000018450000,0x0000000018550000)]

Other Threads:
  0x00000000172c7000 VMThread [stack: 0x0000000018350000,0x0000000018450000] [id=6536]
  0x0000000018a7a000 WatcherThread [stack: 0x0000000019290000,0x0000000019390000] [id=6828]

VM state:not at safepoint (normal execution)

VM Mutex/Monitor currently owned by a thread: None

Heap:
 PSYoungGen      total 138240K, used 9993K [0x00000000eb400000, 0x0000000100000000, 0x0000000100000000)
  eden space 124928K, 7% used [0x00000000eb400000,0x00000000ebdc26b0,0x00000000f2e00000)
  from space 13312K, 0% used [0x00000000f2e00000,0x00000000f2e00000,0x00000000f3b00000)
  to   space 110080K, 0% used [0x00000000f9480000,0x00000000f9480000,0x0000000100000000)
 ParOldGen       total 600064K, used 379216K [0x00000000c1c00000, 0x00000000e6600000, 0x00000000eb400000)
  object space 600064K, 63% used [0x00000000c1c00000,0x00000000d8e540a0,0x00000000e6600000)
 Metaspace       used 13017K, capacity 13290K, committed 13568K, reserved 1060864K
  class space    used 1672K, capacity 1785K, committed 1792K, reserved 1048576K

Card table byte_map: [0x00000000140f0000,0x00000000142f0000] byte_map_base: 0x0000000013ae2000

Marking Bits: (ParMarkBitMap*) 0x000000006cedf860
 Begin Bits: [0x0000000014840000, 0x00000000157d0000)
 End Bits:   [0x00000000157d0000, 0x0000000016760000)

Polling page: 0x00000000009f0000

CodeCache: size=245760Kb used=3872Kb max_used=3872Kb free=241887Kb
 bounds [0x0000000004d30000, 0x0000000005100000, 0x0000000013d30000]
 total_blobs=1537 nmethods=1028 adapters=422
 compilation: enabled

Compilation events (10 events):
Event: 13.482 Thread 0x0000000018a52000 nmethod 1028 0x00000000050cd950 code [0x00000000050cdaa0, 0x00000000050cdb38]
Event: 18.105 Thread 0x0000000018a54800 1029   !   3       java.awt.EventQueue::wakeup (79 bytes)
Event: 18.106 Thread 0x0000000018a54800 nmethod 1029 0x00000000050f8ad0 code [0x00000000050f8ce0, 0x00000000050f9558]
Event: 25.309 Thread 0x0000000018a54800 1030   !   3       java.awt.event.InputEvent::canAccessSystemClipboard (57 bytes)
Event: 25.315 Thread 0x0000000018a54800 nmethod 1030 0x00000000050f7a50 code [0x00000000050f7c60, 0x00000000050f8698]
Event: 30.883 Thread 0x0000000018a54800 1031   !   3       sun.awt.GlobalCursorManager$NativeUpdater::postIfNotPending (48 bytes)
Event: 30.888 Thread 0x0000000018a54800 nmethod 1031 0x00000000050f9a10 code [0x00000000050f9bc0, 0x00000000050fa448]
Event: 42.654 Thread 0x0000000018a54800 1032   !   3       sun.awt.PostEventQueue::flush (168 bytes)
Event: 42.656 Thread 0x0000000018a54800 nmethod 1032 0x00000000050fa7d0 code [0x00000000050faa20, 0x00000000050fbb48]
Event: 42.875 Thread 0x0000000018a52000 1033   !   4       sun.awt.PostEventQueue::flush (168 bytes)

GC Heap History (10 events):
Event: 34.876 GC heap before
{Heap before GC invocations=42 (full 13):
 PSYoungGen      total 138240K, used 124928K [0x00000000eb400000, 0x0000000100000000, 0x0000000100000000)
  eden space 124928K, 100% used [0x00000000eb400000,0x00000000f2e00000,0x00000000f2e00000)
  from space 13312K, 0% used [0x00000000f2e00000,0x00000000f2e00000,0x00000000f3b00000)
  to   space 110080K, 0% used [0x00000000f9480000,0x00000000f9480000,0x0000000100000000)
 ParOldGen       total 600064K, used 564749K [0x00000000c1c00000, 0x00000000e6600000, 0x00000000eb400000)
  object space 600064K, 94% used [0x00000000c1c00000,0x00000000e4383778,0x00000000e6600000)
 Metaspace       used 13017K, capacity 13290K, committed 13568K, reserved 1060864K
  class space    used 1672K, capacity 1785K, committed 1792K, reserved 1048576K
Event: 35.872 GC heap after
Heap after GC invocations=42 (full 13):
 PSYoungGen      total 138240K, used 0K [0x00000000eb400000, 0x0000000100000000, 0x0000000100000000)
  eden space 124928K, 0% used [0x00000000eb400000,0x00000000eb400000,0x00000000f2e00000)
  from space 13312K, 0% used [0x00000000f2e00000,0x00000000f2e00000,0x00000000f3b00000)
  to   space 110080K, 0% used [0x00000000f9480000,0x00000000f9480000,0x0000000100000000)
 ParOldGen       total 600064K, used 333001K [0x00000000c1c00000, 0x00000000e6600000, 0x00000000eb400000)
  object space 600064K, 55% used [0x00000000c1c00000,0x00000000d6132490,0x00000000e6600000)
 Metaspace       used 13017K, capacity 13290K, committed 13568K, reserved 1060864K
  class space    used 1672K, capacity 1785K, committed 1792K, reserved 1048576K
}
Event: 36.667 GC heap before
{Heap before GC invocations=43 (full 14):
 PSYoungGen      total 138240K, used 124928K [0x00000000eb400000, 0x0000000100000000, 0x0000000100000000)
  eden space 124928K, 100% used [0x00000000eb400000,0x00000000f2e00000,0x00000000f2e00000)
  from space 13312K, 0% used [0x00000000f2e00000,0x00000000f2e00000,0x00000000f3b00000)
  to   space 110080K, 0% used [0x00000000f9480000,0x00000000f9480000,0x0000000100000000)
 ParOldGen       total 600064K, used 504404K [0x00000000c1c00000, 0x00000000e6600000, 0x00000000eb400000)
  object space 600064K, 84% used [0x00000000c1c00000,0x00000000e08951f8,0x00000000e6600000)
 Metaspace       used 13017K, capacity 13290K, committed 13568K, reserved 1060864K
  class space    used 1672K, capacity 1785K, committed 1792K, reserved 1048576K
Event: 37.598 GC heap after
Heap after GC invocations=43 (full 14):
 PSYoungGen      total 138240K, used 0K [0x00000000eb400000, 0x0000000100000000, 0x0000000100000000)
  eden space 124928K, 0% used [0x00000000eb400000,0x00000000eb400000,0x00000000f2e00000)
  from space 13312K, 0% used [0x00000000f2e00000,0x00000000f2e00000,0x00000000f3b00000)
  to   space 110080K, 0% used [0x00000000f9480000,0x00000000f9480000,0x0000000100000000)
 ParOldGen       total 600064K, used 345621K [0x00000000c1c00000, 0x00000000e6600000, 0x00000000eb400000)
  object space 600064K, 57% used [0x00000000c1c00000,0x00000000d6d85518,0x00000000e6600000)
 Metaspace       used 13017K, capacity 13290K, committed 13568K, reserved 1060864K
  class space    used 1672K, capacity 1785K, committed 1792K, reserved 1048576K
}
Event: 38.266 GC heap before
{Heap before GC invocations=44 (full 15):
 PSYoungGen      total 138240K, used 124928K [0x00000000eb400000, 0x0000000100000000, 0x0000000100000000)
  eden space 124928K, 100% used [0x00000000eb400000,0x00000000f2e00000,0x00000000f2e00000)
  from space 13312K, 0% used [0x00000000f2e00000,0x00000000f2e00000,0x00000000f3b00000)
  to   space 110080K, 0% used [0x00000000f9480000,0x00000000f9480000,0x0000000100000000)
 ParOldGen       total 600064K, used 523169K [0x00000000c1c00000, 0x00000000e6600000, 0x00000000eb400000)
  object space 600064K, 87% used [0x00000000c1c00000,0x00000000e1ae8430,0x00000000e6600000)
 Metaspace       used 13017K, capacity 13290K, committed 13568K, reserved 1060864K
  class space    used 1672K, capacity 1785K, committed 1792K, reserved 1048576K
Event: 39.145 GC heap after
Heap after GC invocations=44 (full 15):
 PSYoungGen      total 138240K, used 0K [0x00000000eb400000, 0x0000000100000000, 0x0000000100000000)
  eden space 124928K, 0% used [0x00000000eb400000,0x00000000eb400000,0x00000000f2e00000)
  from space 13312K, 0% used [0x00000000f2e00000,0x00000000f2e00000,0x00000000f3b00000)
  to   space 110080K, 0% used [0x00000000f9480000,0x00000000f9480000,0x0000000100000000)
 ParOldGen       total 600064K, used 357521K [0x00000000c1c00000, 0x00000000e6600000, 0x00000000eb400000)
  object space 600064K, 59% used [0x00000000c1c00000,0x00000000d79246a8,0x00000000e6600000)
 Metaspace       used 13017K, capacity 13290K, committed 13568K, reserved 1060864K
  class space    used 1672K, capacity 1785K, committed 1792K, reserved 1048576K
}
Event: 39.807 GC heap before
{Heap before GC invocations=45 (full 16):
 PSYoungGen      total 138240K, used 124928K [0x00000000eb400000, 0x0000000100000000, 0x0000000100000000)
  eden space 124928K, 100% used [0x00000000eb400000,0x00000000f2e00000,0x00000000f2e00000)
  from space 13312K, 0% used [0x00000000f2e00000,0x00000000f2e00000,0x00000000f3b00000)
  to   space 110080K, 0% used [0x00000000f9480000,0x00000000f9480000,0x0000000100000000)
 ParOldGen       total 600064K, used 541213K [0x00000000c1c00000, 0x00000000e6600000, 0x00000000eb400000)
  object space 600064K, 90% used [0x00000000c1c00000,0x00000000e2c87770,0x00000000e6600000)
 Metaspace       used 13017K, capacity 13290K, committed 13568K, reserved 1060864K
  class space    used 1672K, capacity 1785K, committed 1792K, reserved 1048576K
Event: 40.697 GC heap after
Heap after GC invocations=45 (full 16):
 PSYoungGen      total 138240K, used 0K [0x00000000eb400000, 0x0000000100000000, 0x0000000100000000)
  eden space 124928K, 0% used [0x00000000eb400000,0x00000000eb400000,0x00000000f2e00000)
  from space 13312K, 0% used [0x00000000f2e00000,0x00000000f2e00000,0x00000000f3b00000)
  to   space 110080K, 0% used [0x00000000f9480000,0x00000000f9480000,0x0000000100000000)
 ParOldGen       total 600064K, used 368702K [0x00000000c1c00000, 0x00000000e6600000, 0x00000000eb400000)
  object space 600064K, 61% used [0x00000000c1c00000,0x00000000d840fa18,0x00000000e6600000)
 Metaspace       used 13017K, capacity 13290K, committed 13568K, reserved 1060864K
  class space    used 1672K, capacity 1785K, committed 1792K, reserved 1048576K
}
Event: 41.338 GC heap before
{Heap before GC invocations=46 (full 17):
 PSYoungGen      total 138240K, used 124928K [0x00000000eb400000, 0x0000000100000000, 0x0000000100000000)
  eden space 124928K, 100% used [0x00000000eb400000,0x00000000f2e00000,0x00000000f2e00000)
  from space 13312K, 0% used [0x00000000f2e00000,0x00000000f2e00000,0x00000000f3b00000)
  to   space 110080K, 0% used [0x00000000f9480000,0x00000000f9480000,0x0000000100000000)
 ParOldGen       total 600064K, used 558539K [0x00000000c1c00000, 0x00000000e6600000, 0x00000000eb400000)
  object space 600064K, 93% used [0x00000000c1c00000,0x00000000e3d72c90,0x00000000e6600000)
 Metaspace       used 13017K, capacity 13290K, committed 13568K, reserved 1060864K
  class space    used 1672K, capacity 1785K, committed 1792K, reserved 1048576K
Event: 42.456 GC heap after
Heap after GC invocations=46 (full 17):
 PSYoungGen      total 138240K, used 0K [0x00000000eb400000, 0x0000000100000000, 0x0000000100000000)
  eden space 124928K, 0% used [0x00000000eb400000,0x00000000eb400000,0x00000000f2e00000)
  from space 13312K, 0% used [0x00000000f2e00000,0x00000000f2e00000,0x00000000f3b00000)
  to   space 110080K, 0% used [0x00000000f9480000,0x00000000f9480000,0x0000000100000000)
 ParOldGen       total 600064K, used 379216K [0x00000000c1c00000, 0x00000000e6600000, 0x00000000eb400000)
  object space 600064K, 63% used [0x00000000c1c00000,0x00000000d8e540a0,0x00000000e6600000)
 Metaspace       used 13017K, capacity 13290K, committed 13568K, reserved 1060864K
  class space    used 1672K, capacity 1785K, committed 1792K, reserved 1048576K
}

Deoptimization events (8 events):
Event: 0.241 Thread 0x0000000004c32800 Uncommon trap: reason=unstable_if action=reinterpret pc=0x0000000004e549b8 method=java.lang.String.hashCode()I @ 14
Event: 1.264 Thread 0x00000000193d8000 Uncommon trap: reason=class_check action=maybe_recompile pc=0x0000000004e4c468 method=java.lang.String.equals(Ljava/lang/Object;)Z @ 8
Event: 1.322 Thread 0x00000000193d8000 Uncommon trap: reason=class_check action=maybe_recompile pc=0x0000000004e4c468 method=java.lang.String.equals(Ljava/lang/Object;)Z @ 8
Event: 6.966 Thread 0x00000000193d8000 Uncommon trap: reason=class_check action=maybe_recompile pc=0x0000000004e4c468 method=java.lang.String.equals(Ljava/lang/Object;)Z @ 8
Event: 7.957 Thread 0x00000000193d8000 Uncommon trap: reason=unstable_if action=reinterpret pc=0x00000000050a11f8 method=java.awt.EventQueue.postEvent(Ljava/awt/AWTEvent;I)V @ 6
Event: 7.965 Thread 0x00000000193d8000 Uncommon trap: reason=unstable_if action=reinterpret pc=0x000000000509a9ac method=java.awt.EventQueue.postEvent(Ljava/awt/AWTEvent;I)V @ 6
Event: 7.973 Thread 0x00000000193d8000 Uncommon trap: reason=unstable_if action=reinterpret pc=0x000000000508a528 method=java.awt.EventQueue.postEvent(Ljava/awt/AWTEvent;I)V @ 6
Event: 42.604 Thread 0x00000000193d8000 Uncommon trap: reason=unstable_if action=reinterpret pc=0x00000000050db7a0 method=java.awt.EventQueue.getPriority(Ljava/awt/AWTEvent;)I @ 71

Classes redefined (0 events):
No events

Internal exceptions (10 events):
Event: 0.050 Thread 0x0000000004c32800 Exception <a 'java/lang/NoSuchMethodError': Method sun.misc.Unsafe.prefetchRead(Ljava/lang/Object;J)V name or signature does not match> (0x00000000eb407f88) thrown at [C:\re\workspace\8-2-build-windows-amd64-cygwin\jdk8u161\10277\hotspot\src\share\vm\prim
Event: 0.193 Thread 0x0000000004c32800 Exception <a 'java/io/FileNotFoundException'> (0x00000000eb468218) thrown at [C:\re\workspace\8-2-build-windows-amd64-cygwin\jdk8u161\10277\hotspot\src\share\vm\prims\jni.cpp, line 709]
Event: 0.290 Thread 0x0000000004c32800 Exception <a 'java/security/PrivilegedActionException'> (0x00000000eb555a38) thrown at [C:\re\workspace\8-2-build-windows-amd64-cygwin\jdk8u161\10277\hotspot\src\share\vm\prims\jvm.cpp, line 1390]
Event: 0.290 Thread 0x0000000004c32800 Exception <a 'java/security/PrivilegedActionException'> (0x00000000eb555c48) thrown at [C:\re\workspace\8-2-build-windows-amd64-cygwin\jdk8u161\10277\hotspot\src\share\vm\prims\jvm.cpp, line 1390]
Event: 0.291 Thread 0x0000000004c32800 Exception <a 'java/security/PrivilegedActionException'> (0x00000000eb5598b8) thrown at [C:\re\workspace\8-2-build-windows-amd64-cygwin\jdk8u161\10277\hotspot\src\share\vm\prims\jvm.cpp, line 1390]
Event: 0.291 Thread 0x0000000004c32800 Exception <a 'java/security/PrivilegedActionException'> (0x00000000eb559ac8) thrown at [C:\re\workspace\8-2-build-windows-amd64-cygwin\jdk8u161\10277\hotspot\src\share\vm\prims\jvm.cpp, line 1390]
Event: 0.316 Thread 0x0000000004c32800 Exception <a 'java/io/FileNotFoundException'> (0x00000000eb5bc968) thrown at [C:\re\workspace\8-2-build-windows-amd64-cygwin\jdk8u161\10277\hotspot\src\share\vm\prims\jni.cpp, line 709]
Event: 0.380 Thread 0x0000000004c32800 Exception <a 'java/lang/NoSuchFieldError': method resolution failed> (0x00000000eb68d0e8) thrown at [C:\re\workspace\8-2-build-windows-amd64-cygwin\jdk8u161\10277\hotspot\src\share\vm\prims\methodHandles.cpp, line 1167]
Event: 0.383 Thread 0x0000000004c32800 Exception <a 'java/lang/NoSuchFieldError': method resolution failed> (0x00000000eb69a4b8) thrown at [C:\re\workspace\8-2-build-windows-amd64-cygwin\jdk8u161\10277\hotspot\src\share\vm\prims\methodHandles.cpp, line 1167]
Event: 0.478 Thread 0x00000000193d8000 Exception <a 'java/io/FileNotFoundException'> (0x00000000eb79fbc8) thrown at [C:\re\workspace\8-2-build-windows-amd64-cygwin\jdk8u161\10277\hotspot\src\share\vm\prims\jni.cpp, line 709]

Events (10 events):
Event: 37.598 Executing VM operation: ParallelGCFailedAllocation done
Event: 38.266 Executing VM operation: ParallelGCFailedAllocation
Event: 39.145 Executing VM operation: ParallelGCFailedAllocation done
Event: 39.806 Executing VM operation: ParallelGCFailedAllocation
Event: 40.697 Executing VM operation: ParallelGCFailedAllocation done
Event: 41.338 Executing VM operation: ParallelGCFailedAllocation
Event: 42.456 Executing VM operation: ParallelGCFailedAllocation done
Event: 42.603 Thread 0x00000000193d8000 Uncommon trap: trap_request=0xffffff65 fr.pc=0x00000000050db7a0
Event: 42.604 Thread 0x00000000193d8000 DEOPT PACKING pc=0x00000000050db7a0 sp=0x000000001a06c6c0
Event: 42.604 Thread 0x00000000193d8000 DEOPT UNPACKING pc=0x0000000004d7583b sp=0x000000001a06c5a0 mode 2


Dynamic libraries:
0x00007ff7f69a0000 - 0x00007ff7f69d7000 	C:\Program Files\Java\jre1.8.0_161\bin\javaw.exe
0x00007ffb5f0e0000 - 0x00007ffb5f2c0000 	C:\WINDOWS\SYSTEM32\ntdll.dll
0x00007ffb5ee60000 - 0x00007ffb5ef0e000 	C:\WINDOWS\System32\KERNEL32.DLL
0x00007ffb5c160000 - 0x00007ffb5c3c6000 	C:\WINDOWS\System32\KERNELBASE.dll
0x00007ffb5c8b0000 - 0x00007ffb5c951000 	C:\WINDOWS\System32\ADVAPI32.dll
0x00007ffb5d120000 - 0x00007ffb5d1bd000 	C:\WINDOWS\System32\msvcrt.dll
0x00007ffb5eff0000 - 0x00007ffb5f04b000 	C:\WINDOWS\System32\sechost.dll
0x00007ffb5c5b0000 - 0x00007ffb5c6cf000 	C:\WINDOWS\System32\RPCRT4.dll
0x00007ffb5ecd0000 - 0x00007ffb5ee5f000 	C:\WINDOWS\System32\USER32.dll
0x00007ffb5bf70000 - 0x00007ffb5bf90000 	C:\WINDOWS\System32\win32u.dll
0x00007ffb5c880000 - 0x00007ffb5c8a8000 	C:\WINDOWS\System32\GDI32.dll
0x00007ffb5b4e0000 - 0x00007ffb5b673000 	C:\WINDOWS\System32\gdi32full.dll
0x00007ffb5bdd0000 - 0x00007ffb5be6b000 	C:\WINDOWS\System32\msvcp_win.dll
0x00007ffb5c450000 - 0x00007ffb5c546000 	C:\WINDOWS\System32\ucrtbase.dll
0x00007ffb50560000 - 0x00007ffb507c9000 	C:\WINDOWS\WinSxS\amd64_microsoft.windows.common-controls_6595b64144ccf1df_6.0.16299.125_none_15cbcf8893620c09\COMCTL32.dll
0x00007ffb5ca50000 - 0x00007ffb5cd58000 	C:\WINDOWS\System32\combase.dll
0x00007ffb5c3d0000 - 0x00007ffb5c442000 	C:\WINDOWS\System32\bcryptPrimitives.dll
0x00007ffb5ef10000 - 0x00007ffb5ef3d000 	C:\WINDOWS\System32\IMM32.DLL
0x000000006c1d0000 - 0x000000006c2a2000 	C:\Program Files\Java\jre1.8.0_161\bin\msvcr100.dll
0x000000006c6c0000 - 0x000000006cf5f000 	C:\Program Files\Java\jre1.8.0_161\bin\server\jvm.dll
0x00007ffb5c960000 - 0x00007ffb5c968000 	C:\WINDOWS\System32\PSAPI.DLL
0x00007ffb565b0000 - 0x00007ffb565b9000 	C:\WINDOWS\SYSTEM32\WSOCK32.dll
0x00007ffb59860000 - 0x00007ffb59883000 	C:\WINDOWS\SYSTEM32\WINMM.dll
0x00007ffb50f00000 - 0x00007ffb50f0a000 	C:\WINDOWS\SYSTEM32\VERSION.dll
0x00007ffb5cfd0000 - 0x00007ffb5d03c000 	C:\WINDOWS\System32\WS2_32.dll
0x00007ffb59830000 - 0x00007ffb5985a000 	C:\WINDOWS\SYSTEM32\winmmbase.dll
0x00007ffb5be70000 - 0x00007ffb5beba000 	C:\WINDOWS\System32\cfgmgr32.dll
0x000000006c5d0000 - 0x000000006c5df000 	C:\Program Files\Java\jre1.8.0_161\bin\verify.dll
0x000000006c5a0000 - 0x000000006c5c9000 	C:\Program Files\Java\jre1.8.0_161\bin\java.dll
0x000000006c580000 - 0x000000006c596000 	C:\Program Files\Java\jre1.8.0_161\bin\zip.dll
0x00007ffb5d310000 - 0x00007ffb5e746000 	C:\WINDOWS\System32\SHELL32.dll
0x00007ffb5ef40000 - 0x00007ffb5efe6000 	C:\WINDOWS\System32\shcore.dll
0x00007ffb5b680000 - 0x00007ffb5bdc7000 	C:\WINDOWS\System32\windows.storage.dll
0x00007ffb5ced0000 - 0x00007ffb5cf21000 	C:\WINDOWS\System32\shlwapi.dll
0x00007ffb5b450000 - 0x00007ffb5b461000 	C:\WINDOWS\System32\kernel.appcore.dll
0x00007ffb5b470000 - 0x00007ffb5b4bc000 	C:\WINDOWS\System32\powrprof.dll
0x00007ffb5b430000 - 0x00007ffb5b44b000 	C:\WINDOWS\System32\profapi.dll
0x000000006c360000 - 0x000000006c4f8000 	C:\Program Files\Java\jre1.8.0_161\bin\awt.dll
0x00007ffb5d050000 - 0x00007ffb5d115000 	C:\WINDOWS\System32\OLEAUT32.dll
0x00007ffb59770000 - 0x00007ffb597f8000 	C:\WINDOWS\SYSTEM32\apphelp.dll
0x00007ffb59a70000 - 0x00007ffb59b05000 	C:\WINDOWS\system32\uxtheme.dll
0x00007ffb5cd60000 - 0x00007ffb5cec7000 	C:\WINDOWS\System32\MSCTF.dll
0x00007ffb59ce0000 - 0x00007ffb59d0a000 	C:\WINDOWS\system32\dwmapi.dll
0x00007ffb5d1c0000 - 0x00007ffb5d309000 	C:\WINDOWS\System32\ole32.dll
0x00007ffb4ac20000 - 0x00007ffb4ad3e000 	C:\WINDOWS\system32\opengl32.dll
0x00007ffb562d0000 - 0x00007ffb562fc000 	C:\WINDOWS\SYSTEM32\GLU32.dll
0x00007ffb5ae20000 - 0x00007ffb5ae37000 	C:\WINDOWS\SYSTEM32\CRYPTSP.dll
0x00007ffb5a870000 - 0x00007ffb5a8a3000 	C:\WINDOWS\system32\rsaenh.dll
0x00007ffb5af30000 - 0x00007ffb5af55000 	C:\WINDOWS\SYSTEM32\bcrypt.dll
0x00007ffb5b330000 - 0x00007ffb5b359000 	C:\WINDOWS\SYSTEM32\USERENV.dll
0x00007ffb5ae40000 - 0x00007ffb5ae4b000 	C:\WINDOWS\SYSTEM32\CRYPTBASE.dll
0x000000006c560000 - 0x000000006c57a000 	C:\Program Files\Java\jre1.8.0_161\bin\net.dll
0x00007ffb5ac60000 - 0x00007ffb5acc6000 	C:\WINDOWS\system32\mswsock.dll
0x00007ffb5a9f0000 - 0x00007ffb5aa29000 	C:\WINDOWS\SYSTEM32\IPHLPAPI.DLL
0x00007ffb5c6d0000 - 0x00007ffb5c6d8000 	C:\WINDOWS\System32\NSI.dll
0x00007ffb54de0000 - 0x00007ffb54df6000 	C:\WINDOWS\SYSTEM32\dhcpcsvc6.DLL
0x00007ffb55cc0000 - 0x00007ffb55cda000 	C:\WINDOWS\SYSTEM32\dhcpcsvc.DLL
0x000000006c540000 - 0x000000006c551000 	C:\Program Files\Java\jre1.8.0_161\bin\nio.dll
0x000000006c310000 - 0x000000006c357000 	C:\Program Files\Java\jre1.8.0_161\bin\fontmanager.dll
0x000000006c2c0000 - 0x000000006c302000 	C:\Program Files\Java\jre1.8.0_161\bin\t2k.dll
0x00007ffb5cf30000 - 0x00007ffb5cfce000 	C:\WINDOWS\System32\clbcatq.dll
0x00007ffb57020000 - 0x00007ffb571cb000 	C:\WINDOWS\SYSTEM32\WindowsCodecs.dll
0x00007ffb4bbc0000 - 0x00007ffb4bc0f000 	C:\WINDOWS\system32\dataexchange.dll
0x00007ffb58510000 - 0x00007ffb587f1000 	C:\WINDOWS\system32\d3d11.dll
0x00007ffb58ee0000 - 0x00007ffb59022000 	C:\WINDOWS\system32\dcomp.dll
0x00007ffb5a2a0000 - 0x00007ffb5a34f000 	C:\WINDOWS\system32\dxgi.dll
0x00007ffb59e60000 - 0x00007ffb59fdb000 	C:\WINDOWS\system32\twinapi.appcore.dll
0x00007ffb59dd0000 - 0x00007ffb59df0000 	C:\WINDOWS\system32\RMCLIENT.dll
0x00007ffb4fbc0000 - 0x00007ffb4fc58000 	C:\WINDOWS\System32\TextInputFramework.dll
0x00007ffb56930000 - 0x00007ffb56c1e000 	C:\WINDOWS\System32\CoreUIComponents.dll
0x00007ffb58dc0000 - 0x00007ffb58e9d000 	C:\WINDOWS\System32\CoreMessaging.dll
0x00007ffb5a570000 - 0x00007ffb5a5a1000 	C:\WINDOWS\SYSTEM32\ntmarta.dll
0x00007ffb57760000 - 0x00007ffb57896000 	C:\WINDOWS\SYSTEM32\wintypes.dll

VM Arguments:
jvm_args: -Dfile.encoding=UTF-8 
java_command: com.thereimlearningjava.currency_conv.swing.MainAppearance
java_class_path (initial): C:\Program Files\Java\jre1.8.0_161\lib\resources.jar;C:\Program Files\Java\jre1.8.0_161\lib\rt.jar;C:\Program Files\Java\jre1.8.0_161\lib\jsse.jar;C:\Program Files\Java\jre1.8.0_161\lib\jce.jar;C:\Program Files\Java\jre1.8.0_161\lib\charsets.jar;C:\Program Files\Java\jre1.8.0_161\lib\jfr.jar;C:\Program Files\Java\jre1.8.0_161\lib\ext\access-bridge-64.jar;C:\Program Files\Java\jre1.8.0_161\lib\ext\cldrdata.jar;C:\Program Files\Java\jre1.8.0_161\lib\ext\dnsns.jar;C:\Program Files\Java\jre1.8.0_161\lib\ext\jaccess.jar;C:\Program Files\Java\jre1.8.0_161\lib\ext\jfxrt.jar;C:\Program Files\Java\jre1.8.0_161\lib\ext\localedata.jar;C:\Program Files\Java\jre1.8.0_161\lib\ext\nashorn.jar;C:\Program Files\Java\jre1.8.0_161\lib\ext\sunec.jar;C:\Program Files\Java\jre1.8.0_161\lib\ext\sunjce_provider.jar;C:\Program Files\Java\jre1.8.0_161\lib\ext\sunmscapi.jar;C:\Program Files\Java\jre1.8.0_161\lib\ext\sunpkcs11.jar;C:\Program Files\Java\jre1.8.0_161\lib\ext\zipfs.jar;C:\Java\workspace2\currency-conv\target\classes;C:\Java\workspace2\currency-conv\jgoodies-forms-1.8.0.jar;C:\Users\Alex Sergeenko\.m2\repository\com\google\code\gson\gson\2.8.0\gson-2.8.0.jar;C:\Users\Alex Sergeenko\.m2\repository\io\github\lzh0379\jdatepicker\2.0.3\jdatepicker-2.0.3.jar;C:\Users\Alex Sergeenko\.m2\repository\org\springframework\spring-web\3.0.2.RELEASE\spring-web-3.0.2.RELEASE.jar;C:\Users\Alex Sergeenko\.m2\repository\aopalliance\aopalliance\1.0\aopalliance-1.0.jar;C:\Users\Alex Sergeenko\.m2\repository\org\springframework\spring-beans\3.0.2.RELEASE\spring-beans-3.0.2.RELEASE.jar;C:\Users\Alex Sergeenko\.m2\repository\org\springframework\spring-context\3.0.2.RELEASE\spring-context-3.0.2.RELEASE.jar;C:\Users\Alex Sergeenko\.m2\repository\org\springframework\spring-aop\3.0.2.RELEASE\spring-aop-3.0.2.RELEASE.jar;C:\Users\Alex Sergeenko\.m2\repository\org\springframework\spring-expression\3.0.2.RELEASE\spring-expression-3.0.2.RELEASE.jar;C:\Users\Alex Sergeenko\.m2\reposi
Launcher Type: SUN_STANDARD

Environment Variables:
JAVA_HOME=C:\Program Files\Java\jdk1.8.0_161
PATH=C:/Program Files/Java/jre1.8.0_161/bin/server;C:/Program Files/Java/jre1.8.0_161/bin;C:/Program Files/Java/jre1.8.0_161/lib/amd64;C:\ProgramData\Oracle\Java\javapath;C:\WINDOWS\system32;C:\WINDOWS;C:\WINDOWS\System32\Wbem;C:\WINDOWS\System32\WindowsPowerShell\v1.0\;C:\Program Files\Java\jdk1.8.0_161\bin;%M2_HOME%;%JAVA_HOME%;C:\Users\Alex Sergeenko\AppData\Local\Microsoft\WindowsApps;C:\Users\Alex Sergeenko\AppData\Local\GitHubDesktop\bin;%USERPROFILE%\AppData\Local\Microsoft\WindowsApps;;C:\eclipse;
USERNAME=Alex Sergeenko
OS=Windows_NT
PROCESSOR_IDENTIFIER=Intel64 Family 6 Model 58 Stepping 9, GenuineIntel



---------------  S Y S T E M  ---------------

OS: Windows 10.0 , 64 bit Build 16299 (10.0.16299.15)

CPU:total 4 (initial active 4) (2 cores per cpu, 2 threads per core) family 6 model 58 stepping 9, cmov, cx8, fxsr, mmx, sse, sse2, sse3, ssse3, sse4.1, sse4.2, popcnt, avx, clmul, erms, ht, tsc, tscinvbit, tscinv

Memory: 4k page, physical 4078952k(255732k free), swap 5127528k(1436k free)

vm_info: Java HotSpot(TM) 64-Bit Server VM (25.161-b12) for windows-amd64 JRE (1.8.0_161-b12), built on Dec 19 2017 17:52:25 by "java_re" with MS VC++ 10.0 (VS2010)

time: Mon Mar 26 22:03:08 2018
elapsed time: 43 seconds (0d 0h 0m 43s)

